c:\work\temp\codeze\bin\debug\codeze\vc142.pdb
c:\work\temp\codeze\bin\debug\codeze\vc142.idb
c:\work\temp\codeze\bin\debug\codeze\tokenizer.obj
c:\work\temp\codeze\bin\debug\codeze\shader.obj
c:\work\temp\codeze\bin\debug\codeze\renderer.obj
c:\work\temp\codeze\bin\debug\codeze\normal_mode.obj
c:\work\temp\codeze\bin\debug\codeze\nav_mode.obj
c:\work\temp\codeze\bin\debug\codeze\my_string.obj
c:\work\temp\codeze\bin\debug\codeze\modes.obj
c:\work\temp\codeze\bin\debug\codeze\math.obj
c:\work\temp\codeze\bin\debug\codeze\keymap.obj
c:\work\temp\codeze\bin\debug\codeze\key.obj
c:\work\temp\codeze\bin\debug\codeze\fileio.obj
c:\work\temp\codeze\bin\debug\codeze\event.obj
c:\work\temp\codeze\bin\debug\codeze\editor.obj
c:\work\temp\codeze\bin\debug\codeze\cursor.obj
c:\work\temp\codeze\bin\debug\codeze\config.obj
c:\work\temp\codeze\bin\debug\codeze\complete.obj
c:\work\temp\codeze\bin\debug\codeze\command.obj
c:\work\temp\codeze\bin\debug\codeze\cmd_mode.obj
c:\work\temp\codeze\bin\debug\codeze\buffer.obj
c:\work\temp\codeze\bin\debug\codeze\bind.obj
c:\work\temp\codeze\bin\debug\codeze\window.obj
c:\work\temp\codeze\bin\debug\codeze\codeze.tlog\cl.command.1.tlog
c:\work\temp\codeze\bin\debug\codeze\codeze.tlog\cl.read.1.tlog
c:\work\temp\codeze\bin\debug\codeze\codeze.tlog\cl.write.1.tlog
c:\work\temp\codeze\bin\debug\codeze\codeze.tlog\link.command.1.tlog
c:\work\temp\codeze\bin\debug\codeze\codeze.tlog\link.read.1.tlog
c:\work\temp\codeze\bin\debug\codeze\codeze.tlog\link.write.1.tlog
