c:\work\temp\codeze\bin\debug\glfw\glfw.pdb
c:\work\temp\codeze\bin\debug\glfw\glfw.idb
c:\work\temp\codeze\bin\debug\glfw\window.obj
c:\work\temp\codeze\bin\debug\glfw\win32_window.obj
c:\work\temp\codeze\bin\debug\glfw\win32_time.obj
c:\work\temp\codeze\bin\debug\glfw\win32_thread.obj
c:\work\temp\codeze\bin\debug\glfw\win32_monitor.obj
c:\work\temp\codeze\bin\debug\glfw\win32_joystick.obj
c:\work\temp\codeze\bin\debug\glfw\win32_init.obj
c:\work\temp\codeze\bin\debug\glfw\wgl_context.obj
c:\work\temp\codeze\bin\debug\glfw\vulkan.obj
c:\work\temp\codeze\bin\debug\glfw\osmesa_context.obj
c:\work\temp\codeze\bin\debug\glfw\monitor.obj
c:\work\temp\codeze\bin\debug\glfw\input.obj
c:\work\temp\codeze\bin\debug\glfw\init.obj
c:\work\temp\codeze\bin\debug\glfw\egl_context.obj
c:\work\temp\codeze\bin\debug\glfw\context.obj
c:\work\temp\codeze\bin\glfw.lib
c:\work\temp\codeze\bin\debug\glfw\glfw.tlog\cl.command.1.tlog
c:\work\temp\codeze\bin\debug\glfw\glfw.tlog\cl.read.1.tlog
c:\work\temp\codeze\bin\debug\glfw\glfw.tlog\cl.write.1.tlog
c:\work\temp\codeze\bin\debug\glfw\glfw.tlog\lib-link.read.1.tlog
c:\work\temp\codeze\bin\debug\glfw\glfw.tlog\lib-link.write.1.tlog
c:\work\temp\codeze\bin\debug\glfw\glfw.tlog\lib.command.1.tlog
